<?xml version="1.0" encoding="UTF-8"?>
<testsuite xmlns:xsi="http://www.w3.org/2001/XMLSchema-instance" xsi:noNamespaceSchemaLocation="https://maven.apache.org/surefire/maven-surefire-plugin/xsd/surefire-test-report-3.0.xsd" version="3.0" name="NetworkRunner.RunnableTests" time="18.25" tests="18" errors="0" skipped="0" failures="0">
  <properties>
[...]
</properties>
  <testcase name="View the news portal Launched" classname="The Guardian News real or fake" time="5.071">
    <system-out><![CDATA[
@acceptcookies
Scenario: View the news portal Launched                                   &amp#27;[90m# src/main/resources/features/F1_NewsValidation_Comparision.feature:5&amp#27;[0m
This will run only before the First Scenario
  &amp#27;[32mGiven &amp#27;[0m&amp#27;[32muser launched The Guardian Home Page&amp#27;[0m                              &amp#27;[90m# StepDefinations.News_Steps.user_launched_The_guardian_home_page()&amp#27;[0m

    News | The Guardian

  &amp#27;[32mWhen &amp#27;[0m&amp#27;[32muser see the title of the page is and cookies message on home page&amp#27;[0m &amp#27;[90m# StepDefinations.News_Steps.user_see_the_title_of_the_page_is_and_cookies_message_on_home_page(io.cucumber.datatable.DataTable)&amp#27;[0m
    | https://www.theguardian.com/tone/news |
  &amp#27;[32mThen &amp#27;[0m&amp#27;[32mverify the page title and accept all cookies&amp#27;[0m                       &amp#27;[90m# StepDefinations.News_Steps.verify_the_page_title_and_accept_all_cookies()&amp#27;[0m
]]></system-out>
    <system-err><![CDATA[Feb 03, 2023 12:24:01 PM io.cucumber.junit.platform.engine.DiscoverySelectorResolver warnWhenCucumberFeaturesPropertyIsUsed
WARNING: Discovering tests using the cucumber.features property. Other discovery selectors are ignored!
Please request/upvote/sponsor/ect better support for JUnit 5 discovery selectors.
See: https://github.com/cucumber/cucumber-jvm/pull/2498
SLF4J: Failed to load class "org.slf4j.impl.StaticLoggerBinder".
SLF4J: Defaulting to no-operation (NOP) logger implementation
SLF4J: See http://www.slf4j.org/codes.html#StaticLoggerBinder for further details.
Starting ChromeDriver 108.0.5359.71 (1e0e3868ee06e91ad636a874420e3ca3ae3756ac-refs/branch-heads/5359@{#1016}) on port 8392
Only local connections are allowed.
Please see https://chromedriver.chromium.org/security-considerations for suggestions on keeping ChromeDriver safe.
ChromeDriver was started successfully.
[1675423447.817][WARNING]: This version of ChromeDriver has not been tested with Chrome version 109.
]]></system-err>
  </testcase>
  <testcase name="View the news portal Launched" classname="The Guardian News real or fake" time="2.421">
    <system-out><![CDATA[
@acceptcookies
Scenario: View the news portal Launched                                   &amp#27;[90m# src/main/resources/features/F1_NewsValidation_Comparision.feature:5&amp#27;[0m
This will run only before the First Scenario
  &amp#27;[32mGiven &amp#27;[0m&amp#27;[32muser launched The Guardian Home Page&amp#27;[0m                              &amp#27;[90m# StepDefinations.News_Steps.user_launched_The_guardian_home_page()&amp#27;[0m

    News | The Guardian

  &amp#27;[32mWhen &amp#27;[0m&amp#27;[32muser see the title of the page is and cookies message on home page&amp#27;[0m &amp#27;[90m# StepDefinations.News_Steps.user_see_the_title_of_the_page_is_and_cookies_message_on_home_page(io.cucumber.datatable.DataTable)&amp#27;[0m
    | https://www.theguardian.com/tone/news |
  &amp#27;[32mThen &amp#27;[0m&amp#27;[32mverify the page title and accept all cookies&amp#27;[0m                       &amp#27;[90m# StepDefinations.News_Steps.verify_the_page_title_and_accept_all_cookies()&amp#27;[0m
]]></system-out>
    <system-err><![CDATA[&amp#27;[32m&amp#27;[1m┌───────────────────────────────────────────────────────────────────────────────────┐&amp#27;[0m
&amp#27;[32m&amp#27;[1m│&amp#27;[0m Share your Cucumber Report with your team at &amp#27;[36m&amp#27;[1m&amp#27;[4mhttps://reports.cucumber.io&amp#27;[0m          &amp#27;[32m&amp#27;[1m│&amp#27;[0m
&amp#27;[32m&amp#27;[1m│&amp#27;[0m Activate publishing with one of the following:                                    &amp#27;[32m&amp#27;[1m│&amp#27;[0m
&amp#27;[32m&amp#27;[1m│&amp#27;[0m                                                                                   &amp#27;[32m&amp#27;[1m│&amp#27;[0m
&amp#27;[32m&amp#27;[1m│&amp#27;[0m src/test/resources/cucumber.properties:          &amp#27;[36mcucumber.publish.enabled&amp#27;[0m=&amp#27;[36mtrue&amp#27;[0m    &amp#27;[32m&amp#27;[1m│&amp#27;[0m
&amp#27;[32m&amp#27;[1m│&amp#27;[0m src/test/resources/junit-platform.properties:    &amp#27;[36mcucumber.publish.enabled&amp#27;[0m=&amp#27;[36mtrue&amp#27;[0m    &amp#27;[32m&amp#27;[1m│&amp#27;[0m
&amp#27;[32m&amp#27;[1m│&amp#27;[0m Environment variable:                            &amp#27;[36mCUCUMBER_PUBLISH_ENABLED&amp#27;[0m=&amp#27;[36mtrue&amp#27;[0m    &amp#27;[32m&amp#27;[1m│&amp#27;[0m
&amp#27;[32m&amp#27;[1m│&amp#27;[0m JUnit:                                           &amp#27;[36m@CucumberOptions&amp#27;[0m(publish = &amp#27;[36mtrue&amp#27;[0m) &amp#27;[32m&amp#27;[1m│&amp#27;[0m
&amp#27;[32m&amp#27;[1m│&amp#27;[0m                                                                                   &amp#27;[32m&amp#27;[1m│&amp#27;[0m
&amp#27;[32m&amp#27;[1m│&amp#27;[0m More information at &amp#27;[36mhttps://cucumber.io/docs/cucumber/environment-variables/&amp#27;[0m      &amp#27;[32m&amp#27;[1m│&amp#27;[0m
&amp#27;[32m&amp#27;[1m│&amp#27;[0m                                                                                   &amp#27;[32m&amp#27;[1m│&amp#27;[0m
&amp#27;[32m&amp#27;[1m│&amp#27;[0m Disable this message with one of the following:                                   &amp#27;[32m&amp#27;[1m│&amp#27;[0m
&amp#27;[32m&amp#27;[1m│&amp#27;[0m                                                                                   &amp#27;[32m&amp#27;[1m│&amp#27;[0m
&amp#27;[32m&amp#27;[1m│&amp#27;[0m src/test/resources/cucumber.properties:          &amp#27;[36mcucumber.publish.quiet&amp#27;[0m=&amp#27;[36mtrue&amp#27;[0m      &amp#27;[32m&amp#27;[1m│&amp#27;[0m
&amp#27;[32m&amp#27;[1m│&amp#27;[0m src/test/resources/junit-platform.properties:    &amp#27;[36mcucumber.publish.quiet&amp#27;[0m=&amp#27;[36mtrue&amp#27;[0m      &amp#27;[32m&amp#27;[1m│&amp#27;[0m
&amp#27;[32m&amp#27;[1m└───────────────────────────────────────────────────────────────────────────────────┘&amp#27;[0m
]]></system-err>
  </testcase>
  <testcase name="Close the support" classname="The Guardian News real or fake" time="1.597">
    <system-out><![CDATA[
@closesupport
Scenario: Close the support                     &amp#27;[90m# src/main/resources/features/F1_NewsValidation_Comparision.feature:12&amp#27;[0m
This will run only before the Second Scenario
  &amp#27;[32mGiven &amp#27;[0m&amp#27;[32muser launched The Guardian Home Page&amp#27;[0m    &amp#27;[90m# StepDefinations.News_Steps.user_launched_The_guardian_home_page()&amp#27;[0m
  &amp#27;[32mWhen &amp#27;[0m&amp#27;[32muser sees the get support window&amp#27;[0m         &amp#27;[90m# StepDefinations.News_Steps.user_sees_the_get_support_window()&amp#27;[0m
no such element

    close the support window 

  &amp#27;[32mThen &amp#27;[0m&amp#27;[32mclick the close button of support window&amp#27;[0m &amp#27;[90m# StepDefinations.News_Steps.click_the_close_button_of_support_window()&amp#27;[0m

    verified Actual date and Expected date


     Actual date:2023-02-03


     Expected date:2023-02-03

  &amp#27;[32mAnd &amp#27;[0m&amp#27;[32mverify the current date&amp#27;[0m                   &amp#27;[90m# StepDefinations.News_Steps.verify_the_current_date()&amp#27;[0m
]]></system-out>
  </testcase>
  <testcase name="Close the support" classname="The Guardian News real or fake" time="0.218">
    <system-out><![CDATA[
@closesupport
Scenario: Close the support                     &amp#27;[90m# src/main/resources/features/F1_NewsValidation_Comparision.feature:12&amp#27;[0m
This will run only before the Second Scenario
  &amp#27;[32mGiven &amp#27;[0m&amp#27;[32muser launched The Guardian Home Page&amp#27;[0m    &amp#27;[90m# StepDefinations.News_Steps.user_launched_The_guardian_home_page()&amp#27;[0m
  &amp#27;[32mWhen &amp#27;[0m&amp#27;[32muser sees the get support window&amp#27;[0m         &amp#27;[90m# StepDefinations.News_Steps.user_sees_the_get_support_window()&amp#27;[0m
no such element

    close the support window 

  &amp#27;[32mThen &amp#27;[0m&amp#27;[32mclick the close button of support window&amp#27;[0m &amp#27;[90m# StepDefinations.News_Steps.click_the_close_button_of_support_window()&amp#27;[0m

    verified Actual date and Expected date


     Actual date:2023-02-03


     Expected date:2023-02-03

  &amp#27;[32mAnd &amp#27;[0m&amp#27;[32mverify the current date&amp#27;[0m                   &amp#27;[90m# StepDefinations.News_Steps.verify_the_current_date()&amp#27;[0m
]]></system-out>
  </testcase>
  <testcase name="Example #1.1" classname="Examples" time="6.089">
    <system-out><![CDATA[
@validation
Scenario Outline: Verify the news fact checks using string similarity algorithm          &amp#27;[90m# src/main/resources/features/F1_NewsValidation_Comparision.feature:29&amp#27;[0m
  &amp#27;[32mGiven &amp#27;[0m&amp#27;[32muser launched The Guardian Home Page&amp#27;[0m                                             &amp#27;[90m# StepDefinations.News_Steps.user_launched_The_guardian_home_page()&amp#27;[0m
Martinelli signs new Arsenal deal, Tottenham defend transfer strategy – live
‘Chance of a lifetime’ Vermeer exhibition to open in Amsterdam
Man caught with crossbow at Windsor Castle admits trying to harm Queen
Russia-Ukraine war live: Ukraine presses criminal charges against Wagner group founder Yevgeny Prigozhin
Russia-Ukraine war at a glance: what we know on day 345 of the invasion
Dominic Raab denies being abusive towards anti-Brexit campaigner Gina Miller – UK politics live
Pentagon says it is monitoring Chinese spy balloon spotted flying over US
Still a ‘long way to go’ to control inflation, BoE governor warns; service sector hit by strikes and worker shortages – business live
First Thing: Police killings will continue until system changes, grieving family says
Gary Glitter freed from jail after serving half of 16-year sentence – reports
Nicola Bulley: partner of missing woman talks of search ‘brick wall’
Record signing Enzo Fernández says he wants to take Chelsea 'to the next level' – video
Montreal restaurant that never was shows perils of online reviews
Blobs of human brain planted in rats offer new treatment hope
The man in charge of how the US spends $400bn to shift away from fossil fuels
John Barilaro: NSW government hands report into office’s intervention in bushfire grants to Icac
Home Office shelves plans to house asylum seekers in Southport Pontins
Chinese 'spy balloon' spotted flying over US – video
Premier League and EFL financial settlement is urgent, insists Labour
Chess: Anish Giri wins at Wijk aan Zee as Carlsen misses out by just half a point
  &amp#27;[32mWhen &amp#27;[0m&amp#27;[32muser reads the displayed news&amp#27;[0m                                                     &amp#27;[90m# StepDefinations.News_Steps.user_reads_the_displayed_news()&amp#27;[0m
the news is found 

    the news is found 

  &amp#27;[32mAnd &amp#27;[0m&amp#27;[32mwant to validate the news is displayed&amp#27;[0m                                             &amp#27;[90m# StepDefinations.News_Steps.want_to_validate_the_news_is_displayed()&amp#27;[0m
  &amp#27;[32mThen &amp#27;[0m&amp#27;[32muser copies the selected news header details in new window&amp#27;[0m                        &amp#27;[90m# StepDefinations.News_Steps.user_copies_the_selected_news_header_details_in_new_window()&amp#27;[0m

    Verifying the news for :Martinelli signs new Arsenal deal, Tottenham defend transfer strategy – live

  &amp#27;[32mAnd &amp#27;[0m&amp#27;[32mverifies in the search results for corrcetness in google with title positoned at &amp#27;[0m&amp#27;[32m&amp#27;[1m1&amp#27;[0m &amp#27;[90m# StepDefinations.News_Steps.verifies_in_the_search_results_for_corrcetness_in_google_with_title_positoned_at(java.lang.Integer)&amp#27;[0m

    The news similar on google search is 12

12********************
  &amp#27;[32mAnd &amp#27;[0m&amp#27;[32mverfiy the news with position &amp#27;[0m&amp#27;[32m&amp#27;[1m1&amp#27;[0m&amp#27;[32m is real&amp#27;[0m                                            &amp#27;[90m# StepDefinations.News_Steps.verfiy_the_news_with_position_is_real(java.lang.Integer)&amp#27;[0m
]]></system-out>
  </testcase>
  <testcase name="Example #1.1" classname="Examples" time="4.233">
    <system-out><![CDATA[
Scenario Outline: Verify the guardian news timestamp                                     &amp#27;[90m# src/main/resources/features/F2_NewsValidation_Time.feature:27&amp#27;[0m
  &amp#27;[32mGiven &amp#27;[0m&amp#27;[32muser launched The Guardian Home Page&amp#27;[0m                                             &amp#27;[90m# StepDefinations.News_Steps.user_launched_The_guardian_home_page()&amp#27;[0m
Martinelli signs new Arsenal deal, Tottenham defend transfer strategy – live
‘Chance of a lifetime’ Vermeer exhibition to open in Amsterdam
Man caught with crossbow at Windsor Castle admits trying to harm Queen
Russia-Ukraine war live: Ukraine presses criminal charges against Wagner group founder Yevgeny Prigozhin
Russia-Ukraine war at a glance: what we know on day 345 of the invasion
Dominic Raab denies being abusive towards anti-Brexit campaigner Gina Miller – UK politics live
Pentagon says it is monitoring Chinese spy balloon spotted flying over US
Still a ‘long way to go’ to control inflation, BoE governor warns; service sector hit by strikes and worker shortages – business live
First Thing: Police killings will continue until system changes, grieving family says
Gary Glitter freed from jail after serving half of 16-year sentence – reports
Nicola Bulley: partner of missing woman talks of search ‘brick wall’
Record signing Enzo Fernández says he wants to take Chelsea 'to the next level' – video
Montreal restaurant that never was shows perils of online reviews
Blobs of human brain planted in rats offer new treatment hope
The man in charge of how the US spends $400bn to shift away from fossil fuels
John Barilaro: NSW government hands report into office’s intervention in bushfire grants to Icac
Home Office shelves plans to house asylum seekers in Southport Pontins
Chinese 'spy balloon' spotted flying over US – video
Premier League and EFL financial settlement is urgent, insists Labour
Chess: Anish Giri wins at Wijk aan Zee as Carlsen misses out by just half a point
  &amp#27;[32mWhen &amp#27;[0m&amp#27;[32muser reads the displayed news&amp#27;[0m                                                     &amp#27;[90m# StepDefinations.News_Steps.user_reads_the_displayed_news()&amp#27;[0m
the news is found 

    the news is found 

  &amp#27;[32mAnd &amp#27;[0m&amp#27;[32mwant to validate the news is displayed&amp#27;[0m                                             &amp#27;[90m# StepDefinations.News_Steps.want_to_validate_the_news_is_displayed()&amp#27;[0m
  &amp#27;[32mThen &amp#27;[0m&amp#27;[32muser copies the selected news header details in new window&amp#27;[0m                        &amp#27;[90m# StepDefinations.News_Steps.user_copies_the_selected_news_header_details_in_new_window()&amp#27;[0m

    Verifying the news for :Martinelli signs new Arsenal deal, Tottenham defend transfer strategy – live

  &amp#27;[32mAnd &amp#27;[0m&amp#27;[32mverifies in the search results for corrcetness in google with title positoned at &amp#27;[0m&amp#27;[32m&amp#27;[1m1&amp#27;[0m &amp#27;[90m# StepDefinations.News_Steps.verifies_in_the_search_results_for_corrcetness_in_google_with_title_positoned_at(java.lang.Integer)&amp#27;[0m
the news is latest and not older than a day ago

    the news is latest and not older than a day ago

  &amp#27;[32mBut &amp#27;[0m&amp#27;[32mif the timestamp of the reslt news is more than a day identify as dead news&amp#27;[0m        &amp#27;[90m# StepDefinations.News_Steps.if_the_timestamp_of_the_reslt_news_is_more_than_a_day_identify_as_dead_news()&amp#27;[0m
]]></system-out>
  </testcase>
  <testcase name="Example #1.1" classname="Examples" time="4.728">
    <system-out><![CDATA[
@validation
Scenario Outline: Verify the news fact checks using string similarity algorithm          &amp#27;[90m# src/main/resources/features/F1_NewsValidation_Comparision.feature:29&amp#27;[0m
  &amp#27;[32mGiven &amp#27;[0m&amp#27;[32muser launched The Guardian Home Page&amp#27;[0m                                             &amp#27;[90m# StepDefinations.News_Steps.user_launched_The_guardian_home_page()&amp#27;[0m
Martinelli signs new Arsenal deal, Tottenham defend transfer strategy – live
‘Chance of a lifetime’ Vermeer exhibition to open in Amsterdam
Man caught with crossbow at Windsor Castle admits trying to harm Queen
Russia-Ukraine war live: Ukraine presses criminal charges against Wagner group founder Yevgeny Prigozhin
Russia-Ukraine war at a glance: what we know on day 345 of the invasion
Dominic Raab denies being abusive towards anti-Brexit campaigner Gina Miller – UK politics live
Pentagon says it is monitoring Chinese spy balloon spotted flying over US
Still a ‘long way to go’ to control inflation, BoE governor warns; service sector hit by strikes and worker shortages – business live
First Thing: Police killings will continue until system changes, grieving family says
Gary Glitter freed from jail after serving half of 16-year sentence – reports
Nicola Bulley: partner of missing woman talks of search ‘brick wall’
Record signing Enzo Fernández says he wants to take Chelsea 'to the next level' – video
Montreal restaurant that never was shows perils of online reviews
Blobs of human brain planted in rats offer new treatment hope
The man in charge of how the US spends $400bn to shift away from fossil fuels
John Barilaro: NSW government hands report into office’s intervention in bushfire grants to Icac
Home Office shelves plans to house asylum seekers in Southport Pontins
Chinese 'spy balloon' spotted flying over US – video
Premier League and EFL financial settlement is urgent, insists Labour
Chess: Anish Giri wins at Wijk aan Zee as Carlsen misses out by just half a point
  &amp#27;[32mWhen &amp#27;[0m&amp#27;[32muser reads the displayed news&amp#27;[0m                                                     &amp#27;[90m# StepDefinations.News_Steps.user_reads_the_displayed_news()&amp#27;[0m
the news is found 

    the news is found 

  &amp#27;[32mAnd &amp#27;[0m&amp#27;[32mwant to validate the news is displayed&amp#27;[0m                                             &amp#27;[90m# StepDefinations.News_Steps.want_to_validate_the_news_is_displayed()&amp#27;[0m
  &amp#27;[32mThen &amp#27;[0m&amp#27;[32muser copies the selected news header details in new window&amp#27;[0m                        &amp#27;[90m# StepDefinations.News_Steps.user_copies_the_selected_news_header_details_in_new_window()&amp#27;[0m

    Verifying the news for :Martinelli signs new Arsenal deal, Tottenham defend transfer strategy – live

  &amp#27;[32mAnd &amp#27;[0m&amp#27;[32mverifies in the search results for corrcetness in google with title positoned at &amp#27;[0m&amp#27;[32m&amp#27;[1m1&amp#27;[0m &amp#27;[90m# StepDefinations.News_Steps.verifies_in_the_search_results_for_corrcetness_in_google_with_title_positoned_at(java.lang.Integer)&amp#27;[0m

    The news similar on google search is 12

12********************
  &amp#27;[32mAnd &amp#27;[0m&amp#27;[32mverfiy the news with position &amp#27;[0m&amp#27;[32m&amp#27;[1m1&amp#27;[0m&amp#27;[32m is real&amp#27;[0m                                            &amp#27;[90m# StepDefinations.News_Steps.verfiy_the_news_with_position_is_real(java.lang.Integer)&amp#27;[0m
]]></system-out>
  </testcase>
  <testcase name="Example #1.1" classname="Examples" time="3.916">
    <system-out><![CDATA[
Scenario Outline: Verify the guardian news timestamp                                     &amp#27;[90m# src/main/resources/features/F2_NewsValidation_Time.feature:27&amp#27;[0m
  &amp#27;[32mGiven &amp#27;[0m&amp#27;[32muser launched The Guardian Home Page&amp#27;[0m                                             &amp#27;[90m# StepDefinations.News_Steps.user_launched_The_guardian_home_page()&amp#27;[0m
Martinelli signs new Arsenal deal, Tottenham defend transfer strategy – live
‘Chance of a lifetime’ Vermeer exhibition to open in Amsterdam
Man caught with crossbow at Windsor Castle admits trying to harm Queen
Russia-Ukraine war live: Ukraine presses criminal charges against Wagner group founder Yevgeny Prigozhin
Russia-Ukraine war at a glance: what we know on day 345 of the invasion
Dominic Raab denies being abusive towards anti-Brexit campaigner Gina Miller – UK politics live
Pentagon says it is monitoring Chinese spy balloon spotted flying over US
Still a ‘long way to go’ to control inflation, BoE governor warns; service sector hit by strikes and worker shortages – business live
First Thing: Police killings will continue until system changes, grieving family says
Gary Glitter freed from jail after serving half of 16-year sentence – reports
Nicola Bulley: partner of missing woman talks of search ‘brick wall’
Record signing Enzo Fernández says he wants to take Chelsea 'to the next level' – video
Montreal restaurant that never was shows perils of online reviews
Blobs of human brain planted in rats offer new treatment hope
The man in charge of how the US spends $400bn to shift away from fossil fuels
John Barilaro: NSW government hands report into office’s intervention in bushfire grants to Icac
Home Office shelves plans to house asylum seekers in Southport Pontins
Chinese 'spy balloon' spotted flying over US – video
Premier League and EFL financial settlement is urgent, insists Labour
Chess: Anish Giri wins at Wijk aan Zee as Carlsen misses out by just half a point
  &amp#27;[32mWhen &amp#27;[0m&amp#27;[32muser reads the displayed news&amp#27;[0m                                                     &amp#27;[90m# StepDefinations.News_Steps.user_reads_the_displayed_news()&amp#27;[0m
the news is found 

    the news is found 

  &amp#27;[32mAnd &amp#27;[0m&amp#27;[32mwant to validate the news is displayed&amp#27;[0m                                             &amp#27;[90m# StepDefinations.News_Steps.want_to_validate_the_news_is_displayed()&amp#27;[0m
  &amp#27;[32mThen &amp#27;[0m&amp#27;[32muser copies the selected news header details in new window&amp#27;[0m                        &amp#27;[90m# StepDefinations.News_Steps.user_copies_the_selected_news_header_details_in_new_window()&amp#27;[0m

    Verifying the news for :Martinelli signs new Arsenal deal, Tottenham defend transfer strategy – live

  &amp#27;[32mAnd &amp#27;[0m&amp#27;[32mverifies in the search results for corrcetness in google with title positoned at &amp#27;[0m&amp#27;[32m&amp#27;[1m1&amp#27;[0m &amp#27;[90m# StepDefinations.News_Steps.verifies_in_the_search_results_for_corrcetness_in_google_with_title_positoned_at(java.lang.Integer)&amp#27;[0m
the news is latest and not older than a day ago

    the news is latest and not older than a day ago

  &amp#27;[32mBut &amp#27;[0m&amp#27;[32mif the timestamp of the reslt news is more than a day identify as dead news&amp#27;[0m        &amp#27;[90m# StepDefinations.News_Steps.if_the_timestamp_of_the_reslt_news_is_more_than_a_day_identify_as_dead_news()&amp#27;[0m
]]></system-out>
  </testcase>
  <testcase name="View the news portal Launched" classname="The Guardian News headlines are latest" time="3.54">
    <system-out><![CDATA[
@acceptcookies
Scenario: View the news portal Launched                                   &amp#27;[90m# src/main/resources/features/F2_NewsValidation_Time.feature:3&amp#27;[0m
This will run only before the First Scenario
  &amp#27;[32mGiven &amp#27;[0m&amp#27;[32muser launched The Guardian Home Page&amp#27;[0m                              &amp#27;[90m# StepDefinations.News_Steps.user_launched_The_guardian_home_page()&amp#27;[0m

    News | The Guardian

  &amp#27;[32mWhen &amp#27;[0m&amp#27;[32muser see the title of the page is and cookies message on home page&amp#27;[0m &amp#27;[90m# StepDefinations.News_Steps.user_see_the_title_of_the_page_is_and_cookies_message_on_home_page(io.cucumber.datatable.DataTable)&amp#27;[0m
    | https://www.theguardian.com/tone/news |
  &amp#27;[32mThen &amp#27;[0m&amp#27;[32mverify the page title and accept all cookies&amp#27;[0m                       &amp#27;[90m# StepDefinations.News_Steps.verify_the_page_title_and_accept_all_cookies()&amp#27;[0m
]]></system-out>
  </testcase>
  <testcase name="View the news portal Launched" classname="The Guardian News headlines are latest" time="2.635">
    <system-out><![CDATA[
@acceptcookies
Scenario: View the news portal Launched                                   &amp#27;[90m# src/main/resources/features/F2_NewsValidation_Time.feature:3&amp#27;[0m
This will run only before the First Scenario
  &amp#27;[32mGiven &amp#27;[0m&amp#27;[32muser launched The Guardian Home Page&amp#27;[0m                              &amp#27;[90m# StepDefinations.News_Steps.user_launched_The_guardian_home_page()&amp#27;[0m

    News | The Guardian

  &amp#27;[32mWhen &amp#27;[0m&amp#27;[32muser see the title of the page is and cookies message on home page&amp#27;[0m &amp#27;[90m# StepDefinations.News_Steps.user_see_the_title_of_the_page_is_and_cookies_message_on_home_page(io.cucumber.datatable.DataTable)&amp#27;[0m
    | https://www.theguardian.com/tone/news |
  &amp#27;[32mThen &amp#27;[0m&amp#27;[32mverify the page title and accept all cookies&amp#27;[0m                       &amp#27;[90m# StepDefinations.News_Steps.verify_the_page_title_and_accept_all_cookies()&amp#27;[0m
]]></system-out>
  </testcase>
  <testcase name="Close the support" classname="The Guardian News headlines are latest" time="0.459">
    <system-out><![CDATA[
@closesupport
Scenario: Close the support                     &amp#27;[90m# src/main/resources/features/F2_NewsValidation_Time.feature:10&amp#27;[0m
This will run only before the Second Scenario
  &amp#27;[32mGiven &amp#27;[0m&amp#27;[32muser launched The Guardian Home Page&amp#27;[0m    &amp#27;[90m# StepDefinations.News_Steps.user_launched_The_guardian_home_page()&amp#27;[0m
  &amp#27;[32mWhen &amp#27;[0m&amp#27;[32muser sees the get support window&amp#27;[0m         &amp#27;[90m# StepDefinations.News_Steps.user_sees_the_get_support_window()&amp#27;[0m

    close the support window 

  &amp#27;[32mThen &amp#27;[0m&amp#27;[32mclick the close button of support window&amp#27;[0m &amp#27;[90m# StepDefinations.News_Steps.click_the_close_button_of_support_window()&amp#27;[0m

    verified Actual date and Expected date


     Actual date:2023-02-03


     Expected date:2023-02-03

  &amp#27;[32mAnd &amp#27;[0m&amp#27;[32mverify the current date&amp#27;[0m                   &amp#27;[90m# StepDefinations.News_Steps.verify_the_current_date()&amp#27;[0m
]]></system-out>
  </testcase>
  <testcase name="Close the support" classname="The Guardian News headlines are latest" time="0.405">
    <system-out><![CDATA[
@closesupport
Scenario: Close the support                     &amp#27;[90m# src/main/resources/features/F2_NewsValidation_Time.feature:10&amp#27;[0m
This will run only before the Second Scenario
  &amp#27;[32mGiven &amp#27;[0m&amp#27;[32muser launched The Guardian Home Page&amp#27;[0m    &amp#27;[90m# StepDefinations.News_Steps.user_launched_The_guardian_home_page()&amp#27;[0m
  &amp#27;[32mWhen &amp#27;[0m&amp#27;[32muser sees the get support window&amp#27;[0m         &amp#27;[90m# StepDefinations.News_Steps.user_sees_the_get_support_window()&amp#27;[0m
no such element

    close the support window 

  &amp#27;[32mThen &amp#27;[0m&amp#27;[32mclick the close button of support window&amp#27;[0m &amp#27;[90m# StepDefinations.News_Steps.click_the_close_button_of_support_window()&amp#27;[0m

    verified Actual date and Expected date


     Actual date:2023-02-03


     Expected date:2023-02-03

  &amp#27;[32mAnd &amp#27;[0m&amp#27;[32mverify the current date&amp#27;[0m                   &amp#27;[90m# StepDefinations.News_Steps.verify_the_current_date()&amp#27;[0m
]]></system-out>
  </testcase>
  <testcase name="View the news portal Launched" classname="The Guardian News Main Page basic validations" time="3.283">
    <system-out><![CDATA[
@acceptcookies
Scenario: View the news portal Launched                                   &amp#27;[90m# src/main/resources/features/F3_MainPageValidation.feature:5&amp#27;[0m
This will run only before the First Scenario
  &amp#27;[32mGiven &amp#27;[0m&amp#27;[32muser launched The Guardian Home Page&amp#27;[0m                              &amp#27;[90m# StepDefinations.News_Steps.user_launched_The_guardian_home_page()&amp#27;[0m

    News | The Guardian

  &amp#27;[32mWhen &amp#27;[0m&amp#27;[32muser see the title of the page is and cookies message on home page&amp#27;[0m &amp#27;[90m# StepDefinations.News_Steps.user_see_the_title_of_the_page_is_and_cookies_message_on_home_page(io.cucumber.datatable.DataTable)&amp#27;[0m
    | https://www.theguardian.com/tone/news |
  &amp#27;[32mThen &amp#27;[0m&amp#27;[32mverify the page title and accept all cookies&amp#27;[0m                       &amp#27;[90m# StepDefinations.News_Steps.verify_the_page_title_and_accept_all_cookies()&amp#27;[0m
]]></system-out>
  </testcase>
  <testcase name="View the news portal Launched" classname="The Guardian News Main Page basic validations" time="3.345">
    <system-out><![CDATA[
@acceptcookies
Scenario: View the news portal Launched                                   &amp#27;[90m# src/main/resources/features/F3_MainPageValidation.feature:5&amp#27;[0m
This will run only before the First Scenario
  &amp#27;[32mGiven &amp#27;[0m&amp#27;[32muser launched The Guardian Home Page&amp#27;[0m                              &amp#27;[90m# StepDefinations.News_Steps.user_launched_The_guardian_home_page()&amp#27;[0m

    News | The Guardian

  &amp#27;[32mWhen &amp#27;[0m&amp#27;[32muser see the title of the page is and cookies message on home page&amp#27;[0m &amp#27;[90m# StepDefinations.News_Steps.user_see_the_title_of_the_page_is_and_cookies_message_on_home_page(io.cucumber.datatable.DataTable)&amp#27;[0m
    | https://www.theguardian.com/tone/news |
  &amp#27;[32mThen &amp#27;[0m&amp#27;[32mverify the page title and accept all cookies&amp#27;[0m                       &amp#27;[90m# StepDefinations.News_Steps.verify_the_page_title_and_accept_all_cookies()&amp#27;[0m
]]></system-out>
  </testcase>
  <testcase name="Close the support" classname="The Guardian News Main Page basic validations" time="0.161">
    <system-out><![CDATA[
@closesupport
Scenario: Close the support                     &amp#27;[90m# src/main/resources/features/F3_MainPageValidation.feature:12&amp#27;[0m
This will run only before the Second Scenario
  &amp#27;[32mGiven &amp#27;[0m&amp#27;[32muser launched The Guardian Home Page&amp#27;[0m    &amp#27;[90m# StepDefinations.News_Steps.user_launched_The_guardian_home_page()&amp#27;[0m
  &amp#27;[32mWhen &amp#27;[0m&amp#27;[32muser sees the get support window&amp#27;[0m         &amp#27;[90m# StepDefinations.News_Steps.user_sees_the_get_support_window()&amp#27;[0m
no such element

    close the support window 

  &amp#27;[32mThen &amp#27;[0m&amp#27;[32mclick the close button of support window&amp#27;[0m &amp#27;[90m# StepDefinations.News_Steps.click_the_close_button_of_support_window()&amp#27;[0m

    verified Actual date and Expected date


     Actual date:2023-02-03


     Expected date:2023-02-03

  &amp#27;[32mAnd &amp#27;[0m&amp#27;[32mverify the current date&amp#27;[0m                   &amp#27;[90m# StepDefinations.News_Steps.verify_the_current_date()&amp#27;[0m
]]></system-out>
  </testcase>
  <testcase name="Close the support" classname="The Guardian News Main Page basic validations" time="0.27">
    <system-out><![CDATA[
@closesupport
Scenario: Close the support                     &amp#27;[90m# src/main/resources/features/F3_MainPageValidation.feature:12&amp#27;[0m
This will run only before the Second Scenario
  &amp#27;[32mGiven &amp#27;[0m&amp#27;[32muser launched The Guardian Home Page&amp#27;[0m    &amp#27;[90m# StepDefinations.News_Steps.user_launched_The_guardian_home_page()&amp#27;[0m
  &amp#27;[32mWhen &amp#27;[0m&amp#27;[32muser sees the get support window&amp#27;[0m         &amp#27;[90m# StepDefinations.News_Steps.user_sees_the_get_support_window()&amp#27;[0m
no such element

    close the support window 

  &amp#27;[32mThen &amp#27;[0m&amp#27;[32mclick the close button of support window&amp#27;[0m &amp#27;[90m# StepDefinations.News_Steps.click_the_close_button_of_support_window()&amp#27;[0m

    verified Actual date and Expected date


     Actual date:2023-02-03


     Expected date:2023-02-03

  &amp#27;[32mAnd &amp#27;[0m&amp#27;[32mverify the current date&amp#27;[0m                   &amp#27;[90m# StepDefinations.News_Steps.verify_the_current_date()&amp#27;[0m
]]></system-out>
  </testcase>
  <testcase name="Verify the menu items" classname="The Guardian News Main Page basic validations" time="0.118">
    <system-out><![CDATA[
Scenario: Verify the menu items                       &amp#27;[90m# src/main/resources/features/F3_MainPageValidation.feature:19&amp#27;[0m
  &amp#27;[32mGiven &amp#27;[0m&amp#27;[32muser launched The Guardian Home Page&amp#27;[0m          &amp#27;[90m# StepDefinations.News_Steps.user_launched_The_guardian_home_page()&amp#27;[0m
  &amp#27;[32mWhen &amp#27;[0m&amp#27;[32muser looks for main menu items&amp#27;[0m                 &amp#27;[90m# StepDefinations.News_Steps.user_looks_for_main_menu_items()&amp#27;[0m

     Verified the menu items 

  &amp#27;[32mThen &amp#27;[0m&amp#27;[32mvalidate all the menus with values are present&amp#27;[0m &amp#27;[90m# StepDefinations.News_Steps.validate_all_the_menus_with_values_are_present()&amp#27;[0m
]]></system-out>
  </testcase>
  <testcase name="Verify the menu items" classname="The Guardian News Main Page basic validations" time="0.174">
    <system-out><![CDATA[
Scenario: Verify the menu items                       &amp#27;[90m# src/main/resources/features/F3_MainPageValidation.feature:19&amp#27;[0m
  &amp#27;[32mGiven &amp#27;[0m&amp#27;[32muser launched The Guardian Home Page&amp#27;[0m          &amp#27;[90m# StepDefinations.News_Steps.user_launched_The_guardian_home_page()&amp#27;[0m
  &amp#27;[32mWhen &amp#27;[0m&amp#27;[32muser looks for main menu items&amp#27;[0m                 &amp#27;[90m# StepDefinations.News_Steps.user_looks_for_main_menu_items()&amp#27;[0m

     Verified the menu items 

  &amp#27;[32mThen &amp#27;[0m&amp#27;[32mvalidate all the menus with values are present&amp#27;[0m &amp#27;[90m# StepDefinations.News_Steps.validate_all_the_menus_with_values_are_present()&amp#27;[0m
]]></system-out>
  </testcase>
</testsuite>